[0902/170211.292:INFO:CONSOLE(150)] "Event handler of 'x-storagemutated-1' event must be added on the initial evaluation of worker script.", source: https://static.whatsapp.net/rsrc.php/v3/y-/r/xxtkUXlM69z.js?_nc_x=Ij3Wp8lg5Kz (150)
[0902/170211.441:INFO:CONSOLE(0)] "Error with Permissions-Policy header: Feature xr-spatial-tracking's parameters are ignored.", source:  (0)
[0902/170211.441:INFO:CONSOLE(0)] "Error with Permissions-Policy header: Origin trial controlled feature not enabled: 'attribution-reporting'.", source:  (0)
[0902/170211.441:INFO:CONSOLE(0)] "Error with Permissions-Policy header: Unrecognized feature: 'compute-pressure'.", source:  (0)
[0902/170211.441:INFO:CONSOLE(0)] "Error with Permissions-Policy header: Origin trial controlled feature not enabled: 'interest-cohort'.", source:  (0)
[0902/170211.441:INFO:CONSOLE(0)] "Error with Permissions-Policy header: Unrecognized feature: 'private-state-token-issuance'.", source:  (0)
[0902/170211.441:INFO:CONSOLE(0)] "Error with Permissions-Policy header: Origin trial controlled feature not enabled: 'shared-storage'.", source:  (0)
[0902/170211.441:INFO:CONSOLE(0)] "Error with Permissions-Policy header: Unrecognized feature: 'shared-storage-select-url'.", source:  (0)
[0902/170211.441:INFO:CONSOLE(0)] "Error with Permissions-Policy header: Unrecognized feature: 'private-state-token-redemption'.", source:  (0)
[0902/170211.441:INFO:CONSOLE(0)] "Error with Permissions-Policy header: Unrecognized feature: 'unload'.", source:  (0)
[0902/170211.441:INFO:CONSOLE(0)] "Error with Permissions-Policy header: Unrecognized feature: 'window-management'.", source:  (0)
[0902/170214.378:INFO:CONSOLE(342)] "WAWebLoggerWorker initialized", source: https://static.whatsapp.net/rsrc.php/v3/yx/r/dTw2bpHg7DW.js?_nc_x=Ij3Wp8lg5Kz (342)
[0902/170214.381:INFO:CONSOLE(342)] "[storage] start setSchemaVersions from fts worker interface", source: https://static.whatsapp.net/rsrc.php/v3/yx/r/dTw2bpHg7DW.js?_nc_x=Ij3Wp8lg5Kz (342)
[0902/170214.381:INFO:CONSOLE(342)] "[storage] set schema versions: [model-storage,158,fts-storage,8,jobs-storage,1,lru-media-storage-idb,2,offd-storage,4,qpl-storage,0,signal-storage,6,worker-storage,1,sw,2,wawc,14,wawc_db_enc,2]. is worker? true", source: https://static.whatsapp.net/rsrc.php/v3/yx/r/dTw2bpHg7DW.js?_nc_x=Ij3Wp8lg5Kz (342)
[0902/170216.568:INFO:CONSOLE(342)] "FTS:Delegate: start indexer", source: https://static.whatsapp.net/rsrc.php/v3/yx/r/dTw2bpHg7DW.js?_nc_x=Ij3Wp8lg5Kz (342)
[0902/170216.568:INFO:CONSOLE(342)] "FTS:Delegate: start perform init", source: https://static.whatsapp.net/rsrc.php/v3/yx/r/dTw2bpHg7DW.js?_nc_x=Ij3Wp8lg5Kz (342)
[0902/170216.568:INFO:CONSOLE(342)] "FTS:Delegate: schema versions ready", source: https://static.whatsapp.net/rsrc.php/v3/yx/r/dTw2bpHg7DW.js?_nc_x=Ij3Wp8lg5Kz (342)
[0902/170216.569:INFO:CONSOLE(342)] "FTS:Delegate: before db initialization", source: https://static.whatsapp.net/rsrc.php/v3/yx/r/dTw2bpHg7DW.js?_nc_x=Ij3Wp8lg5Kz (342)
[0902/170218.167:INFO:CONSOLE(342)] "FTS:Delegate: after db initialization", source: https://static.whatsapp.net/rsrc.php/v3/yx/r/dTw2bpHg7DW.js?_nc_x=Ij3Wp8lg5Kz (342)
[0902/170218.167:INFO:CONSOLE(342)] "FTS:Manifest Writer: No changes made, current:['3.1', '1'], latest:['3.1', '1']", source: https://static.whatsapp.net/rsrc.php/v3/yx/r/dTw2bpHg7DW.js?_nc_x=Ij3Wp8lg5Kz (342)
[0902/170218.167:INFO:CONSOLE(342)] "FTS:Delegate: Inited", source: https://static.whatsapp.net/rsrc.php/v3/yx/r/dTw2bpHg7DW.js?_nc_x=Ij3Wp8lg5Kz (342)
[0902/170218.167:INFO:CONSOLE(342)] "FTS:Delegate: Init indexing ops", source: https://static.whatsapp.net/rsrc.php/v3/yx/r/dTw2bpHg7DW.js?_nc_x=Ij3Wp8lg5Kz (342)
[0902/170218.167:INFO:CONSOLE(342)] "FTS:Indexer:indexQueuedBatch: Starting new batch size : 1000", source: https://static.whatsapp.net/rsrc.php/v3/yx/r/dTw2bpHg7DW.js?_nc_x=Ij3Wp8lg5Kz (342)
[0902/170306.686:INFO:CONSOLE(150)] "Event handler of 'x-storagemutated-1' event must be added on the initial evaluation of worker script.", source: https://static.whatsapp.net/rsrc.php/v3/y-/r/xxtkUXlM69z.js?_nc_x=Ij3Wp8lg5Kz (150)
[0902/170312.371:INFO:CONSOLE(342)] "FTS:Indexer:indexQueuedBatch: Completed batch", source: https://static.whatsapp.net/rsrc.php/v3/yx/r/dTw2bpHg7DW.js?_nc_x=Ij3Wp8lg5Kz (342)
[0902/170331.763:INFO:CONSOLE(342)] "FTS:Indexer:indexQueuedBatch: Completed batch", source: https://static.whatsapp.net/rsrc.php/v3/yx/r/dTw2bpHg7DW.js?_nc_x=Ij3Wp8lg5Kz (342)
[0902/170331.817:INFO:CONSOLE(342)] "FTS:Indexer:indexQueuedBatch: Completed", source: https://static.whatsapp.net/rsrc.php/v3/yx/r/dTw2bpHg7DW.js?_nc_x=Ij3Wp8lg5Kz (342)
[0902/170405.728:INFO:CONSOLE(342)] "FTS:Indexer:indexQueuedBatch: Starting new batch size : 1000", source: https://static.whatsapp.net/rsrc.php/v3/yx/r/dTw2bpHg7DW.js?_nc_x=Ij3Wp8lg5Kz (342)
[0902/170405.734:INFO:CONSOLE(342)] "FTS:Indexer:indexQueuedBatch: Completed batch", source: https://static.whatsapp.net/rsrc.php/v3/yx/r/dTw2bpHg7DW.js?_nc_x=Ij3Wp8lg5Kz (342)
[0902/170405.738:INFO:CONSOLE(342)] "FTS:Indexer:indexQueuedBatch: Completed", source: https://static.whatsapp.net/rsrc.php/v3/yx/r/dTw2bpHg7DW.js?_nc_x=Ij3Wp8lg5Kz (342)
[0902/170427.615:INFO:CONSOLE(342)] "FTS:Indexer:indexQueuedBatch: Starting new batch size : 1000", source: https://static.whatsapp.net/rsrc.php/v3/yx/r/dTw2bpHg7DW.js?_nc_x=Ij3Wp8lg5Kz (342)
[0902/170427.621:INFO:CONSOLE(342)] "FTS:Indexer:indexQueuedBatch: Completed batch", source: https://static.whatsapp.net/rsrc.php/v3/yx/r/dTw2bpHg7DW.js?_nc_x=Ij3Wp8lg5Kz (342)
[0902/170427.635:INFO:CONSOLE(342)] "FTS:Indexer:indexQueuedBatch: Completed", source: https://static.whatsapp.net/rsrc.php/v3/yx/r/dTw2bpHg7DW.js?_nc_x=Ij3Wp8lg5Kz (342)
[0902/170449.387:INFO:CONSOLE(342)] "FTS:Indexer:indexQueuedBatch: Starting new batch size : 1000", source: https://static.whatsapp.net/rsrc.php/v3/yx/r/dTw2bpHg7DW.js?_nc_x=Ij3Wp8lg5Kz (342)
[0902/170449.392:INFO:CONSOLE(342)] "FTS:Indexer:indexQueuedBatch: Completed batch", source: https://static.whatsapp.net/rsrc.php/v3/yx/r/dTw2bpHg7DW.js?_nc_x=Ij3Wp8lg5Kz (342)
[0902/170449.397:INFO:CONSOLE(342)] "FTS:Indexer:indexQueuedBatch: Completed", source: https://static.whatsapp.net/rsrc.php/v3/yx/r/dTw2bpHg7DW.js?_nc_x=Ij3Wp8lg5Kz (342)
[0902/170454.728:INFO:CONSOLE(342)] "FTS:Indexer:indexQueuedBatch: Starting new batch size : 1000", source: https://static.whatsapp.net/rsrc.php/v3/yx/r/dTw2bpHg7DW.js?_nc_x=Ij3Wp8lg5Kz (342)
[0902/170454.733:INFO:CONSOLE(342)] "FTS:Indexer:indexQueuedBatch: Completed batch", source: https://static.whatsapp.net/rsrc.php/v3/yx/r/dTw2bpHg7DW.js?_nc_x=Ij3Wp8lg5Kz (342)
[0902/170454.747:INFO:CONSOLE(342)] "FTS:Indexer:indexQueuedBatch: Completed", source: https://static.whatsapp.net/rsrc.php/v3/yx/r/dTw2bpHg7DW.js?_nc_x=Ij3Wp8lg5Kz (342)
[0902/170458.848:INFO:CONSOLE(342)] "FTS:Indexer:indexQueuedBatch: Starting new batch size : 1000", source: https://static.whatsapp.net/rsrc.php/v3/yx/r/dTw2bpHg7DW.js?_nc_x=Ij3Wp8lg5Kz (342)
[0902/170458.848:INFO:CONSOLE(342)] "FTS:Indexer:indexQueuedBatch: Completed batch", source: https://static.whatsapp.net/rsrc.php/v3/yx/r/dTw2bpHg7DW.js?_nc_x=Ij3Wp8lg5Kz (342)
[0902/170458.848:INFO:CONSOLE(342)] "FTS:Indexer:indexQueuedBatch: Completed", source: https://static.whatsapp.net/rsrc.php/v3/yx/r/dTw2bpHg7DW.js?_nc_x=Ij3Wp8lg5Kz (342)
[0902/170459.493:INFO:CONSOLE(150)] "Event handler of 'x-storagemutated-1' event must be added on the initial evaluation of worker script.", source: https://static.whatsapp.net/rsrc.php/v3/y-/r/xxtkUXlM69z.js?_nc_x=Ij3Wp8lg5Kz (150)
[0902/170501.498:INFO:CONSOLE(342)] "FTS:Indexer:indexQueuedBatch: Starting new batch size : 1000", source: https://static.whatsapp.net/rsrc.php/v3/yx/r/dTw2bpHg7DW.js?_nc_x=Ij3Wp8lg5Kz (342)
[0902/170501.498:INFO:CONSOLE(342)] "FTS:Indexer:indexQueuedBatch: Completed batch", source: https://static.whatsapp.net/rsrc.php/v3/yx/r/dTw2bpHg7DW.js?_nc_x=Ij3Wp8lg5Kz (342)
[0902/170501.499:INFO:CONSOLE(342)] "FTS:Indexer:indexQueuedBatch: Completed", source: https://static.whatsapp.net/rsrc.php/v3/yx/r/dTw2bpHg7DW.js?_nc_x=Ij3Wp8lg5Kz (342)
[0902/170520.118:INFO:CONSOLE(342)] "FTS:Indexer:indexQueuedBatch: Starting new batch size : 1000", source: https://static.whatsapp.net/rsrc.php/v3/yx/r/dTw2bpHg7DW.js?_nc_x=Ij3Wp8lg5Kz (342)
[0902/170520.119:INFO:CONSOLE(342)] "FTS:Indexer:indexQueuedBatch: Completed batch", source: https://static.whatsapp.net/rsrc.php/v3/yx/r/dTw2bpHg7DW.js?_nc_x=Ij3Wp8lg5Kz (342)
[0902/170520.119:INFO:CONSOLE(342)] "FTS:Indexer:indexQueuedBatch: Completed", source: https://static.whatsapp.net/rsrc.php/v3/yx/r/dTw2bpHg7DW.js?_nc_x=Ij3Wp8lg5Kz (342)
[0902/170527.932:INFO:CONSOLE(342)] "FTS:Indexer:indexQueuedBatch: Starting new batch size : 1000", source: https://static.whatsapp.net/rsrc.php/v3/yx/r/dTw2bpHg7DW.js?_nc_x=Ij3Wp8lg5Kz (342)
[0902/170527.932:INFO:CONSOLE(342)] "FTS:Indexer:indexQueuedBatch: Completed batch", source: https://static.whatsapp.net/rsrc.php/v3/yx/r/dTw2bpHg7DW.js?_nc_x=Ij3Wp8lg5Kz (342)
[0902/170527.932:INFO:CONSOLE(342)] "FTS:Indexer:indexQueuedBatch: Completed", source: https://static.whatsapp.net/rsrc.php/v3/yx/r/dTw2bpHg7DW.js?_nc_x=Ij3Wp8lg5Kz (342)
[0902/170540.673:INFO:CONSOLE(342)] "FTS:Indexer:indexQueuedBatch: Starting new batch size : 1000", source: https://static.whatsapp.net/rsrc.php/v3/yx/r/dTw2bpHg7DW.js?_nc_x=Ij3Wp8lg5Kz (342)
[0902/170540.673:INFO:CONSOLE(342)] "FTS:Indexer:indexQueuedBatch: Completed batch", source: https://static.whatsapp.net/rsrc.php/v3/yx/r/dTw2bpHg7DW.js?_nc_x=Ij3Wp8lg5Kz (342)
[0902/170540.673:INFO:CONSOLE(342)] "FTS:Indexer:indexQueuedBatch: Completed", source: https://static.whatsapp.net/rsrc.php/v3/yx/r/dTw2bpHg7DW.js?_nc_x=Ij3Wp8lg5Kz (342)
[0902/170541.098:INFO:CONSOLE(150)] "Event handler of 'x-storagemutated-1' event must be added on the initial evaluation of worker script.", source: https://static.whatsapp.net/rsrc.php/v3/y-/r/xxtkUXlM69z.js?_nc_x=Ij3Wp8lg5Kz (150)
[0902/170551.084:INFO:CONSOLE(342)] "FTS:Indexer:indexQueuedBatch: Starting new batch size : 1000", source: https://static.whatsapp.net/rsrc.php/v3/yx/r/dTw2bpHg7DW.js?_nc_x=Ij3Wp8lg5Kz (342)
[0902/170551.084:INFO:CONSOLE(342)] "FTS:Indexer:indexQueuedBatch: Completed batch", source: https://static.whatsapp.net/rsrc.php/v3/yx/r/dTw2bpHg7DW.js?_nc_x=Ij3Wp8lg5Kz (342)
[0902/170551.084:INFO:CONSOLE(342)] "FTS:Indexer:indexQueuedBatch: Completed", source: https://static.whatsapp.net/rsrc.php/v3/yx/r/dTw2bpHg7DW.js?_nc_x=Ij3Wp8lg5Kz (342)
[0902/170606.381:INFO:CONSOLE(342)] "FTS:Indexer:indexQueuedBatch: Starting new batch size : 1000", source: https://static.whatsapp.net/rsrc.php/v3/yx/r/dTw2bpHg7DW.js?_nc_x=Ij3Wp8lg5Kz (342)
[0902/170606.381:INFO:CONSOLE(342)] "FTS:Indexer:indexQueuedBatch: Completed batch", source: https://static.whatsapp.net/rsrc.php/v3/yx/r/dTw2bpHg7DW.js?_nc_x=Ij3Wp8lg5Kz (342)
[0902/170606.382:INFO:CONSOLE(342)] "FTS:Indexer:indexQueuedBatch: Completed", source: https://static.whatsapp.net/rsrc.php/v3/yx/r/dTw2bpHg7DW.js?_nc_x=Ij3Wp8lg5Kz (342)
[0902/170612.068:INFO:CONSOLE(342)] "FTS:Indexer:indexQueuedBatch: Starting new batch size : 1000", source: https://static.whatsapp.net/rsrc.php/v3/yx/r/dTw2bpHg7DW.js?_nc_x=Ij3Wp8lg5Kz (342)
[0902/170612.068:INFO:CONSOLE(342)] "FTS:Indexer:indexQueuedBatch: Completed batch", source: https://static.whatsapp.net/rsrc.php/v3/yx/r/dTw2bpHg7DW.js?_nc_x=Ij3Wp8lg5Kz (342)
[0902/170612.069:INFO:CONSOLE(342)] "FTS:Indexer:indexQueuedBatch: Completed", source: https://static.whatsapp.net/rsrc.php/v3/yx/r/dTw2bpHg7DW.js?_nc_x=Ij3Wp8lg5Kz (342)
[0902/170618.533:INFO:CONSOLE(342)] "FTS:Indexer:indexQueuedBatch: Starting new batch size : 1000", source: https://static.whatsapp.net/rsrc.php/v3/yx/r/dTw2bpHg7DW.js?_nc_x=Ij3Wp8lg5Kz (342)
[0902/170618.533:INFO:CONSOLE(342)] "FTS:Indexer:indexQueuedBatch: Completed batch", source: https://static.whatsapp.net/rsrc.php/v3/yx/r/dTw2bpHg7DW.js?_nc_x=Ij3Wp8lg5Kz (342)
[0902/170618.534:INFO:CONSOLE(342)] "FTS:Indexer:indexQueuedBatch: Completed", source: https://static.whatsapp.net/rsrc.php/v3/yx/r/dTw2bpHg7DW.js?_nc_x=Ij3Wp8lg5Kz (342)
[0902/170633.016:INFO:CONSOLE(342)] "FTS:Indexer:indexQueuedBatch: Starting new batch size : 1000", source: https://static.whatsapp.net/rsrc.php/v3/yx/r/dTw2bpHg7DW.js?_nc_x=Ij3Wp8lg5Kz (342)
[0902/170633.016:INFO:CONSOLE(342)] "FTS:Indexer:indexQueuedBatch: Completed batch", source: https://static.whatsapp.net/rsrc.php/v3/yx/r/dTw2bpHg7DW.js?_nc_x=Ij3Wp8lg5Kz (342)
[0902/170633.016:INFO:CONSOLE(342)] "FTS:Indexer:indexQueuedBatch: Completed", source: https://static.whatsapp.net/rsrc.php/v3/yx/r/dTw2bpHg7DW.js?_nc_x=Ij3Wp8lg5Kz (342)
[0902/170635.115:INFO:CONSOLE(342)] "FTS:Indexer:indexQueuedBatch: Starting new batch size : 1000", source: https://static.whatsapp.net/rsrc.php/v3/yx/r/dTw2bpHg7DW.js?_nc_x=Ij3Wp8lg5Kz (342)
[0902/170635.120:INFO:CONSOLE(342)] "FTS:Indexer:indexQueuedBatch: Completed batch", source: https://static.whatsapp.net/rsrc.php/v3/yx/r/dTw2bpHg7DW.js?_nc_x=Ij3Wp8lg5Kz (342)
[0902/170635.129:INFO:CONSOLE(342)] "FTS:Indexer:indexQueuedBatch: Completed", source: https://static.whatsapp.net/rsrc.php/v3/yx/r/dTw2bpHg7DW.js?_nc_x=Ij3Wp8lg5Kz (342)
[0902/170639.906:INFO:CONSOLE(342)] "FTS:Indexer:indexQueuedBatch: Starting new batch size : 1000", source: https://static.whatsapp.net/rsrc.php/v3/yx/r/dTw2bpHg7DW.js?_nc_x=Ij3Wp8lg5Kz (342)
[0902/170639.906:INFO:CONSOLE(342)] "FTS:Indexer:indexQueuedBatch: Completed batch", source: https://static.whatsapp.net/rsrc.php/v3/yx/r/dTw2bpHg7DW.js?_nc_x=Ij3Wp8lg5Kz (342)
[0902/170639.907:INFO:CONSOLE(342)] "FTS:Indexer:indexQueuedBatch: Completed", source: https://static.whatsapp.net/rsrc.php/v3/yx/r/dTw2bpHg7DW.js?_nc_x=Ij3Wp8lg5Kz (342)
[0902/170644.527:INFO:CONSOLE(342)] "FTS:Indexer:indexQueuedBatch: Starting new batch size : 1000", source: https://static.whatsapp.net/rsrc.php/v3/yx/r/dTw2bpHg7DW.js?_nc_x=Ij3Wp8lg5Kz (342)
[0902/170645.521:INFO:CONSOLE(342)] "FTS:Indexer:indexQueuedBatch: Completed batch", source: https://static.whatsapp.net/rsrc.php/v3/yx/r/dTw2bpHg7DW.js?_nc_x=Ij3Wp8lg5Kz (342)
[0902/170645.530:INFO:CONSOLE(342)] "FTS:Indexer:indexQueuedBatch: Completed", source: https://static.whatsapp.net/rsrc.php/v3/yx/r/dTw2bpHg7DW.js?_nc_x=Ij3Wp8lg5Kz (342)
[0902/170647.223:INFO:CONSOLE(342)] "FTS:Indexer:indexQueuedBatch: Starting new batch size : 1000", source: https://static.whatsapp.net/rsrc.php/v3/yx/r/dTw2bpHg7DW.js?_nc_x=Ij3Wp8lg5Kz (342)
[0902/170647.240:INFO:CONSOLE(342)] "FTS:Indexer:indexQueuedBatch: Completed batch", source: https://static.whatsapp.net/rsrc.php/v3/yx/r/dTw2bpHg7DW.js?_nc_x=Ij3Wp8lg5Kz (342)
[0902/170647.241:INFO:CONSOLE(342)] "FTS:Indexer:indexQueuedBatch: Completed", source: https://static.whatsapp.net/rsrc.php/v3/yx/r/dTw2bpHg7DW.js?_nc_x=Ij3Wp8lg5Kz (342)
[0902/170650.723:INFO:CONSOLE(342)] "FTS:Indexer:indexQueuedBatch: Starting new batch size : 1000", source: https://static.whatsapp.net/rsrc.php/v3/yx/r/dTw2bpHg7DW.js?_nc_x=Ij3Wp8lg5Kz (342)
[0902/170650.727:INFO:CONSOLE(342)] "FTS:Indexer:indexQueuedBatch: Completed batch", source: https://static.whatsapp.net/rsrc.php/v3/yx/r/dTw2bpHg7DW.js?_nc_x=Ij3Wp8lg5Kz (342)
[0902/170650.729:INFO:CONSOLE(342)] "FTS:Indexer:indexQueuedBatch: Completed", source: https://static.whatsapp.net/rsrc.php/v3/yx/r/dTw2bpHg7DW.js?_nc_x=Ij3Wp8lg5Kz (342)
[0902/170651.113:INFO:CONSOLE(150)] "Event handler of 'x-storagemutated-1' event must be added on the initial evaluation of worker script.", source: https://static.whatsapp.net/rsrc.php/v3/y-/r/xxtkUXlM69z.js?_nc_x=Ij3Wp8lg5Kz (150)
[0902/170651.309:INFO:CONSOLE(342)] "FTS:Indexer:indexQueuedBatch: Starting new batch size : 1000", source: https://static.whatsapp.net/rsrc.php/v3/yx/r/dTw2bpHg7DW.js?_nc_x=Ij3Wp8lg5Kz (342)
[0902/170651.314:INFO:CONSOLE(342)] "FTS:Indexer:indexQueuedBatch: Completed batch", source: https://static.whatsapp.net/rsrc.php/v3/yx/r/dTw2bpHg7DW.js?_nc_x=Ij3Wp8lg5Kz (342)
[0902/170651.316:INFO:CONSOLE(342)] "FTS:Indexer:indexQueuedBatch: Completed", source: https://static.whatsapp.net/rsrc.php/v3/yx/r/dTw2bpHg7DW.js?_nc_x=Ij3Wp8lg5Kz (342)
[0902/170700.601:INFO:CONSOLE(342)] "FTS:Indexer:indexQueuedBatch: Starting new batch size : 1000", source: https://static.whatsapp.net/rsrc.php/v3/yx/r/dTw2bpHg7DW.js?_nc_x=Ij3Wp8lg5Kz (342)
[0902/170700.602:INFO:CONSOLE(342)] "FTS:Indexer:indexQueuedBatch: Completed batch", source: https://static.whatsapp.net/rsrc.php/v3/yx/r/dTw2bpHg7DW.js?_nc_x=Ij3Wp8lg5Kz (342)
[0902/170700.602:INFO:CONSOLE(342)] "FTS:Indexer:indexQueuedBatch: Completed", source: https://static.whatsapp.net/rsrc.php/v3/yx/r/dTw2bpHg7DW.js?_nc_x=Ij3Wp8lg5Kz (342)
[0902/170707.603:INFO:CONSOLE(342)] "FTS:Indexer:indexQueuedBatch: Starting new batch size : 1000", source: https://static.whatsapp.net/rsrc.php/v3/yx/r/dTw2bpHg7DW.js?_nc_x=Ij3Wp8lg5Kz (342)
[0902/170707.622:INFO:CONSOLE(342)] "FTS:Indexer:indexQueuedBatch: Completed batch", source: https://static.whatsapp.net/rsrc.php/v3/yx/r/dTw2bpHg7DW.js?_nc_x=Ij3Wp8lg5Kz (342)
[0902/170707.623:INFO:CONSOLE(342)] "FTS:Indexer:indexQueuedBatch: Completed", source: https://static.whatsapp.net/rsrc.php/v3/yx/r/dTw2bpHg7DW.js?_nc_x=Ij3Wp8lg5Kz (342)
[0902/170707.715:INFO:CONSOLE(342)] "FTS:Indexer:indexQueuedBatch: Starting new batch size : 1000", source: https://static.whatsapp.net/rsrc.php/v3/yx/r/dTw2bpHg7DW.js?_nc_x=Ij3Wp8lg5Kz (342)
[0902/170707.718:INFO:CONSOLE(342)] "FTS:Indexer:indexQueuedBatch: Completed batch", source: https://static.whatsapp.net/rsrc.php/v3/yx/r/dTw2bpHg7DW.js?_nc_x=Ij3Wp8lg5Kz (342)
[0902/170707.722:INFO:CONSOLE(342)] "FTS:Indexer:indexQueuedBatch: Completed", source: https://static.whatsapp.net/rsrc.php/v3/yx/r/dTw2bpHg7DW.js?_nc_x=Ij3Wp8lg5Kz (342)
[0902/170711.219:INFO:CONSOLE(342)] "FTS:Indexer:indexQueuedBatch: Starting new batch size : 1000", source: https://static.whatsapp.net/rsrc.php/v3/yx/r/dTw2bpHg7DW.js?_nc_x=Ij3Wp8lg5Kz (342)
[0902/170711.219:INFO:CONSOLE(342)] "FTS:Indexer:indexQueuedBatch: Completed batch", source: https://static.whatsapp.net/rsrc.php/v3/yx/r/dTw2bpHg7DW.js?_nc_x=Ij3Wp8lg5Kz (342)
[0902/170711.219:INFO:CONSOLE(342)] "FTS:Indexer:indexQueuedBatch: Completed", source: https://static.whatsapp.net/rsrc.php/v3/yx/r/dTw2bpHg7DW.js?_nc_x=Ij3Wp8lg5Kz (342)
[0902/170713.988:INFO:CONSOLE(342)] "FTS:Indexer:indexQueuedBatch: Starting new batch size : 1000", source: https://static.whatsapp.net/rsrc.php/v3/yx/r/dTw2bpHg7DW.js?_nc_x=Ij3Wp8lg5Kz (342)
[0902/170713.993:INFO:CONSOLE(342)] "FTS:Indexer:indexQueuedBatch: Completed batch", source: https://static.whatsapp.net/rsrc.php/v3/yx/r/dTw2bpHg7DW.js?_nc_x=Ij3Wp8lg5Kz (342)
[0902/170713.995:INFO:CONSOLE(342)] "FTS:Indexer:indexQueuedBatch: Completed", source: https://static.whatsapp.net/rsrc.php/v3/yx/r/dTw2bpHg7DW.js?_nc_x=Ij3Wp8lg5Kz (342)
[0902/170716.250:INFO:CONSOLE(342)] "FTS:Indexer:indexQueuedBatch: Starting new batch size : 1000", source: https://static.whatsapp.net/rsrc.php/v3/yx/r/dTw2bpHg7DW.js?_nc_x=Ij3Wp8lg5Kz (342)
[0902/170716.254:INFO:CONSOLE(342)] "FTS:Indexer:indexQueuedBatch: Completed batch", source: https://static.whatsapp.net/rsrc.php/v3/yx/r/dTw2bpHg7DW.js?_nc_x=Ij3Wp8lg5Kz (342)
[0902/170716.257:INFO:CONSOLE(342)] "FTS:Indexer:indexQueuedBatch: Completed", source: https://static.whatsapp.net/rsrc.php/v3/yx/r/dTw2bpHg7DW.js?_nc_x=Ij3Wp8lg5Kz (342)
[0902/170718.170:INFO:CONSOLE(342)] "FTS:Indexer:indexQueuedBatch: Starting new batch size : 1000", source: https://static.whatsapp.net/rsrc.php/v3/yx/r/dTw2bpHg7DW.js?_nc_x=Ij3Wp8lg5Kz (342)
[0902/170718.173:INFO:CONSOLE(342)] "FTS:Indexer:indexQueuedBatch: Completed batch", source: https://static.whatsapp.net/rsrc.php/v3/yx/r/dTw2bpHg7DW.js?_nc_x=Ij3Wp8lg5Kz (342)
[0902/170718.175:INFO:CONSOLE(342)] "FTS:Indexer:indexQueuedBatch: Completed", source: https://static.whatsapp.net/rsrc.php/v3/yx/r/dTw2bpHg7DW.js?_nc_x=Ij3Wp8lg5Kz (342)
[0902/170721.892:INFO:CONSOLE(342)] "FTS:Indexer:indexQueuedBatch: Starting new batch size : 1000", source: https://static.whatsapp.net/rsrc.php/v3/yx/r/dTw2bpHg7DW.js?_nc_x=Ij3Wp8lg5Kz (342)
[0902/170721.893:INFO:CONSOLE(342)] "FTS:Indexer:indexQueuedBatch: Completed batch", source: https://static.whatsapp.net/rsrc.php/v3/yx/r/dTw2bpHg7DW.js?_nc_x=Ij3Wp8lg5Kz (342)
[0902/170721.893:INFO:CONSOLE(342)] "FTS:Indexer:indexQueuedBatch: Completed", source: https://static.whatsapp.net/rsrc.php/v3/yx/r/dTw2bpHg7DW.js?_nc_x=Ij3Wp8lg5Kz (342)
[0902/170738.546:INFO:CONSOLE(342)] "FTS:Indexer:indexQueuedBatch: Starting new batch size : 1000", source: https://static.whatsapp.net/rsrc.php/v3/yx/r/dTw2bpHg7DW.js?_nc_x=Ij3Wp8lg5Kz (342)
[0902/170738.546:INFO:CONSOLE(342)] "FTS:Indexer:indexQueuedBatch: Completed batch", source: https://static.whatsapp.net/rsrc.php/v3/yx/r/dTw2bpHg7DW.js?_nc_x=Ij3Wp8lg5Kz (342)
[0902/170738.546:INFO:CONSOLE(342)] "FTS:Indexer:indexQueuedBatch: Completed", source: https://static.whatsapp.net/rsrc.php/v3/yx/r/dTw2bpHg7DW.js?_nc_x=Ij3Wp8lg5Kz (342)
[0902/170746.633:INFO:CONSOLE(342)] "FTS:Indexer:indexQueuedBatch: Starting new batch size : 1000", source: https://static.whatsapp.net/rsrc.php/v3/yx/r/dTw2bpHg7DW.js?_nc_x=Ij3Wp8lg5Kz (342)
[0902/170746.633:INFO:CONSOLE(342)] "FTS:Indexer:indexQueuedBatch: Completed batch", source: https://static.whatsapp.net/rsrc.php/v3/yx/r/dTw2bpHg7DW.js?_nc_x=Ij3Wp8lg5Kz (342)
[0902/170746.633:INFO:CONSOLE(342)] "FTS:Indexer:indexQueuedBatch: Completed", source: https://static.whatsapp.net/rsrc.php/v3/yx/r/dTw2bpHg7DW.js?_nc_x=Ij3Wp8lg5Kz (342)
[0902/170910.161:INFO:CONSOLE(58)] "Uncaught (in promise) #<a>", source: https://static.whatsapp.net/rsrc.php/v3iu9n4/yX/l/rt/EMnB0HbOlGn.js?_nc_x=Ij3Wp8lg5Kz (58)
[0902/170910.162:INFO:CONSOLE(0)] "Uncaught (in promise) #<a>", source: https://web.whatsapp.com/ (0)
[0902/170910.162:INFO:CONSOLE(0)] "Uncaught (in promise) #<a>", source: https://web.whatsapp.com/ (0)
[0902/170910.541:INFO:CONSOLE(150)] "Event handler of 'x-storagemutated-1' event must be added on the initial evaluation of worker script.", source: https://static.whatsapp.net/rsrc.php/v3/y-/r/xxtkUXlM69z.js?_nc_x=Ij3Wp8lg5Kz (150)
[0902/170910.674:INFO:CONSOLE(0)] "Error with Permissions-Policy header: Feature xr-spatial-tracking's parameters are ignored.", source:  (0)
[0902/170910.674:INFO:CONSOLE(0)] "Error with Permissions-Policy header: Origin trial controlled feature not enabled: 'attribution-reporting'.", source:  (0)
[0902/170910.674:INFO:CONSOLE(0)] "Error with Permissions-Policy header: Unrecognized feature: 'compute-pressure'.", source:  (0)
[0902/170910.674:INFO:CONSOLE(0)] "Error with Permissions-Policy header: Origin trial controlled feature not enabled: 'interest-cohort'.", source:  (0)
[0902/170910.675:INFO:CONSOLE(0)] "Error with Permissions-Policy header: Unrecognized feature: 'private-state-token-issuance'.", source:  (0)
[0902/170910.675:INFO:CONSOLE(0)] "Error with Permissions-Policy header: Origin trial controlled feature not enabled: 'shared-storage'.", source:  (0)
[0902/170910.675:INFO:CONSOLE(0)] "Error with Permissions-Policy header: Unrecognized feature: 'shared-storage-select-url'.", source:  (0)
[0902/170910.675:INFO:CONSOLE(0)] "Error with Permissions-Policy header: Unrecognized feature: 'private-state-token-redemption'.", source:  (0)
[0902/170910.675:INFO:CONSOLE(0)] "Error with Permissions-Policy header: Unrecognized feature: 'unload'.", source:  (0)
[0902/170910.675:INFO:CONSOLE(0)] "Error with Permissions-Policy header: Unrecognized feature: 'window-management'.", source:  (0)
